<?xml version="1.0" encoding="UTF-8"?>
<coverage generated="1601939417356" clover="3.2.0">
  <project timestamp="1601939417356" name="All files">
    <metrics statements="1" coveredstatements="1" conditionals="0" coveredconditionals="0" methods="1" coveredmethods="0" elements="2" coveredelements="1" complexity="0" loc="1" ncloc="1" packages="1" files="1" classes="1"/>
    <file name="queue.js" path="/home/cwgruss/Code/practice/cwg-data-structures/packages/queue/lib/queue.js">
      <metrics statements="1" coveredstatements="1" conditionals="0" coveredconditionals="0" methods="1" coveredmethods="0"/>
      <line num="3" count="1" type="stmt"/>
    </file>
  </project>
</coverage>
