{"/home/cwgruss/Code/practice/cwg-data-structures/packages/queue/lib/queue.js": {"path":"/home/cwgruss/Code/practice/cwg-data-structures/packages/queue/lib/queue.js","statementMap":{"0":{"start":{"line":3,"column":0},"end":{"line":3,"column":23}}},"fnMap":{"0":{"name":"queue","decl":{"start":{"line":5,"column":9},"end":{"line":5,"column":14}},"loc":{"start":{"line":5,"column":17},"end":{"line":7,"column":1}},"line":5}},"branchMap":{},"s":{"0":1},"f":{"0":0},"b":{},"_coverageSchema":"1a1c01bbd47fc00a2c39e90264f33305004495a9","hash":"92140af8d5245c6152f7d01d366d4416cc0a0a35"}
}
